[debug] > Exec(early(addDefaultCommands), None, None)
[debug] > Exec(addDefaultCommands, None, None)
[debug] > Exec(early(initialize), None, None)
[debug] > Exec(initialize, None, None)
[debug] > Exec(early(addPluginSbtFile="""C:\Users\alexe\AppData\Local\Temp\idea.sbt"""), None, None)
[debug] > Exec(addPluginSbtFile="""C:\Users\alexe\AppData\Local\Temp\idea.sbt""", None, None)
[debug] > Exec(boot, None, None)
[debug] > Exec(writeSbtVersion, None, None)
[debug] > Exec(reload, None, None)
[debug] > Exec(sbtStashOnFailure, None, None)
[debug] > Exec(onFailure loadFailed, None, None)
[debug] > Exec(loadp, None, None)
[info] welcome to sbt 1.5.5 (Amazon.com Inc. Java 11.0.12)
[debug]       Load.loadUnit: plugins took 92.789ms
[debug]       Load.loadUnit: defsScala took 0.3216ms
[debug] [Loading] Scanning directory C:\Users\alexe\.sbt\1.0\plugins
[debug] [Loading] Found non-root projects 
[debug] [Loading] Done in C:\Users\alexe\.sbt\1.0\plugins, returning: ()
[debug] deducing auto plugins based on known facts Set(Atom(sbt.plugins.CorePlugin)) and clauses Clauses(Clause(Atom(sbt.plugins.JvmPlugin),Set(Atom(sbt.plugins.IvyPlugin)))
[debug] Clause(Atom(sbt.ScriptedPlugin),Set(Atom(sbt.plugins.JvmPlugin)))
[debug] Clause(Atom(sbt.plugins.SbtPlugin),Set(Atom(sbt.ScriptedPlugin)))
[debug] Clause(Atom(sbt.plugins.SemanticdbPlugin),Set(Atom(sbt.plugins.JvmPlugin)))
[debug] Clause(Atom(sbt.plugins.JUnitXmlReportPlugin),Set(Atom(sbt.plugins.JvmPlugin)))
[debug] Clause(Atom(sbt.plugins.MiniDependencyTreePlugin),Set(Atom(sbt.plugins.JvmPlugin)))
[debug] Clause(Atom(sbt.plugins.CorePlugin),Set(Atom(sbt.plugins.IvyPlugin)))
[debug] Clause(Atom(sbt.plugins.IvyPlugin),Set(Atom(sbt.plugins.JvmPlugin)))
[debug] Clause(Atom(sbt.plugins.JvmPlugin),Set(Atom(sbt.plugins.SemanticdbPlugin)))
[debug] Clause(Atom(sbt.plugins.JvmPlugin),Set(Atom(sbt.plugins.JUnitXmlReportPlugin)))
[debug] Clause(Atom(sbt.plugins.CorePlugin),Set(Atom(sbt.plugins.Giter8TemplatePlugin)))
[debug] Clause(Atom(sbt.plugins.JvmPlugin),Set(Atom(sbt.plugins.MiniDependencyTreePlugin))))
[debug]   :: deduced result: Matched(sbt.plugins.CorePlugin,sbt.plugins.Giter8TemplatePlugin,sbt.plugins.IvyPlugin,sbt.plugins.JvmPlugin,sbt.plugins.MiniDependencyTreePlugin,sbt.plugins.JUnitXmlReportPlugin,sbt.plugins.SemanticdbPlugin)
[debug] Plugins.deducer#function took 18.7244 ms
[debug]           Load.resolveProject(global-plugins) took 51.8426ms
[debug]         Load.loadTransitive: finalizeProject(Project(id global-plugins, base: C:\Users\alexe\.sbt\1.0\plugins, plugins: List(<none>))) took 100.1069ms
[debug] [Loading] Done in C:\Users\alexe\.sbt\1.0\plugins, returning: (global-plugins)
[debug]       Load.loadUnit: loadedProjectsRaw took 124.2373ms
[debug]       Load.loadUnit: cleanEvalClasses took 0.2512ms
[debug]     Load.loadUnit(file:/C:/Users/alexe/.sbt/1.0/plugins/, ...) took 227.2609ms
[debug]   Load.apply: load took 410.9373ms
[debug]   Load.apply: resolveProjects took 6.4697ms
[debug]   Load.apply: finalTransforms took 59.9209ms
[debug]   Load.apply: config.delegates took 7.1457ms
[debug]   Load.apply: Def.make(settings)... took 391.9312ms
[debug]   Load.apply: structureIndex took 93.9237ms
[debug]   Load.apply: mkStreams took 1.6625ms
[info] loading global plugins from C:\Users\alexe\.sbt\1.0\plugins
[debug] Running task... Cancel: Signal, check cycles: false, forcegc: true
[debug] Load.defaultLoad until apply took 3065.0354ms
[debug]           Load.loadUnit: plugins took 25.2225ms
[debug]           Load.loadUnit: defsScala took 0.006ms
[debug] [Loading] Scanning directory C:\Users\alexe\IdeaProjects\SparkSandBox\project
[debug]             Load.loadUnit: mkEval took 8.3823ms
[debug] [Loading] Found non-root projects 
[debug] [Loading] Done in C:\Users\alexe\IdeaProjects\SparkSandBox\project, returning: ()
[debug] deducing auto plugins based on known facts Set(Atom(sbt.plugins.CorePlugin)) and clauses Clauses(Clause(Atom(sbt.plugins.JvmPlugin),Set(Atom(sbt.plugins.IvyPlugin)))
[debug] Clause(Atom(sbt.ScriptedPlugin),Set(Atom(sbt.plugins.JvmPlugin)))
[debug] Clause(Atom(sbt.plugins.SbtPlugin),Set(Atom(sbt.ScriptedPlugin)))
[debug] Clause(Atom(sbt.plugins.SemanticdbPlugin),Set(Atom(sbt.plugins.JvmPlugin)))
[debug] Clause(Atom(sbt.plugins.JUnitXmlReportPlugin),Set(Atom(sbt.plugins.JvmPlugin)))
[debug] Clause(Atom(sbt.plugins.MiniDependencyTreePlugin),Set(Atom(sbt.plugins.JvmPlugin)))
[debug] Clause(Atom(sbt.plugins.CorePlugin),Set(Atom(sbt.plugins.IvyPlugin)))
[debug] Clause(Atom(sbt.plugins.IvyPlugin),Set(Atom(sbt.plugins.JvmPlugin)))
[debug] Clause(Atom(sbt.plugins.JvmPlugin),Set(Atom(sbt.plugins.SemanticdbPlugin)))
[debug] Clause(Atom(sbt.plugins.JvmPlugin),Set(Atom(sbt.plugins.JUnitXmlReportPlugin)))
[debug] Clause(Atom(sbt.plugins.CorePlugin),Set(Atom(sbt.plugins.Giter8TemplatePlugin)))
[debug] Clause(Atom(sbt.plugins.JvmPlugin),Set(Atom(sbt.plugins.MiniDependencyTreePlugin))))
[debug]   :: deduced result: Matched(sbt.plugins.CorePlugin,sbt.plugins.Giter8TemplatePlugin,sbt.plugins.IvyPlugin,sbt.plugins.JvmPlugin,sbt.plugins.MiniDependencyTreePlugin,sbt.plugins.JUnitXmlReportPlugin,sbt.plugins.SemanticdbPlugin)
[debug] Plugins.deducer#function took 1.6816 ms
[info] loading settings for project sparksandbox-build from idea.sbt ...
[debug]               Load.resolveProject(sparksandbox-build) took 2.5866ms
[debug]             Load.loadTransitive: finalizeProject(Project(id sparksandbox-build, base: C:\Users\alexe\IdeaProjects\SparkSandBox\project, plugins: List(<none>))) took 4.7424ms
[debug] [Loading] Done in C:\Users\alexe\IdeaProjects\SparkSandBox\project, returning: (sparksandbox-build)
[debug]           Load.loadUnit: loadedProjectsRaw took 160.9909ms
[debug]           Load.loadUnit: cleanEvalClasses took 3.7559ms
[debug]         Load.loadUnit(file:/C:/Users/alexe/IdeaProjects/SparkSandBox/project/, ...) took 191.2131ms
[debug]       Load.apply: load took 192.5873ms
[debug]       Load.apply: resolveProjects took 0.11ms
[debug]       Load.apply: finalTransforms took 9.4656ms
[debug]       Load.apply: config.delegates took 0.4151ms
[debug]       Load.apply: Def.make(settings)... took 77.8496ms
[debug]       Load.apply: structureIndex took 28.0846ms
[debug]       Load.apply: mkStreams took 0.0028ms
[info] loading project definition from C:\Users\alexe\IdeaProjects\SparkSandBox\project
[debug] Running task... Cancel: Signal, check cycles: false, forcegc: true
[debug]     Load.loadUnit: plugins took 635.9789ms
[debug]     Load.loadUnit: defsScala took 0.0032ms
[debug] [Loading] Scanning directory C:\Users\alexe\IdeaProjects\SparkSandBox
[debug]       Load.loadUnit: mkEval took 0.301ms
[debug] [Loading] Found non-root projects 
[debug] [Loading] Done in C:\Users\alexe\IdeaProjects\SparkSandBox, returning: ()
[debug] deducing auto plugins based on known facts Set(Atom(sbt.plugins.CorePlugin)) and clauses Clauses(Clause(Atom(sbt.plugins.JvmPlugin),Set(Atom(sbt.plugins.IvyPlugin)))
[debug] Clause(Atom(sbt.ScriptedPlugin),Set(Atom(sbt.plugins.JvmPlugin)))
[debug] Clause(Atom(sbt.plugins.SbtPlugin),Set(Atom(sbt.ScriptedPlugin)))
[debug] Clause(Atom(sbt.plugins.SemanticdbPlugin),Set(Atom(sbt.plugins.JvmPlugin)))
[debug] Clause(Atom(sbt.plugins.JUnitXmlReportPlugin),Set(Atom(sbt.plugins.JvmPlugin)))
[debug] Clause(Atom(sbt.plugins.MiniDependencyTreePlugin),Set(Atom(sbt.plugins.JvmPlugin)))
[debug] Clause(Atom(org.jetbrains.sbt.StructurePlugin),Set(Atom(sbt.plugins.JvmPlugin)))
[debug] Clause(Atom(org.jetbrains.sbt.IdeaShellPlugin),Set(Atom(sbt.plugins.JvmPlugin)))
[debug] Clause(Atom(org.jetbrains.sbt.indices.SbtIntellijIndicesPlugin),Set(Atom(sbt.plugins.JvmPlugin)))
[debug] Clause(Atom(sbt.plugins.CorePlugin),Set(Atom(sbt.plugins.IvyPlugin)))
[debug] Clause(Atom(sbt.plugins.IvyPlugin),Set(Atom(sbt.plugins.JvmPlugin)))
[debug] Clause(Atom(sbt.plugins.JvmPlugin),Set(Atom(sbt.plugins.SemanticdbPlugin)))
[debug] Clause(Atom(sbt.plugins.JvmPlugin),Set(Atom(sbt.plugins.JUnitXmlReportPlugin)))
[debug] Clause(Atom(sbt.plugins.CorePlugin),Set(Atom(sbt.plugins.Giter8TemplatePlugin)))
[debug] Clause(Atom(sbt.plugins.JvmPlugin),Set(Atom(sbt.plugins.MiniDependencyTreePlugin)))
[debug] Clause(Atom(sbt.plugins.JvmPlugin),Set(Atom(org.jetbrains.sbt.StructurePlugin)))
[debug] Clause(Atom(sbt.plugins.JvmPlugin),Set(Atom(org.jetbrains.sbt.IdeaShellPlugin)))
[debug] Clause(And(Set(Atom(sbt.plugins.CorePlugin), Atom(sbt.plugins.JvmPlugin))),Set(Atom(org.jetbrains.sbt.indices.SbtIntellijIndicesPlugin))))
[debug]   :: deduced result: Matched(sbt.plugins.CorePlugin,sbt.plugins.Giter8TemplatePlugin,sbt.plugins.IvyPlugin,sbt.plugins.JvmPlugin,sbt.plugins.SemanticdbPlugin,org.jetbrains.sbt.indices.SbtIntellijIndicesPlugin,sbt.plugins.JUnitXmlReportPlugin,org.jetbrains.sbt.IdeaShellPlugin,org.jetbrains.sbt.StructurePlugin,sbt.plugins.MiniDependencyTreePlugin)
[debug] Plugins.deducer#function took 2.4149 ms
[info] loading settings for project sparksandbox from build.sbt ...
[debug]         Load.resolveProject(sparksandbox) took 30.8443ms
[debug]       Load.loadTransitive: finalizeProject(Project(id sparksandbox, base: C:\Users\alexe\IdeaProjects\SparkSandBox, plugins: List(<none>))) took 34.4203ms
[debug] [Loading] Done in C:\Users\alexe\IdeaProjects\SparkSandBox, returning: (sparksandbox)
[debug]     Load.loadUnit: loadedProjectsRaw took 150.457ms
[debug]     Load.loadUnit: cleanEvalClasses took 8.6916ms
[debug]   Load.loadUnit(file:/C:/Users/alexe/IdeaProjects/SparkSandBox/, ...) took 795.8155ms
[debug] Load.apply: load took 797.6467ms
[debug] Load.apply: resolveProjects took 0.1075ms
[debug] Load.apply: finalTransforms took 27.4312ms
[debug] Load.apply: config.delegates took 0.3529ms
[debug] Load.apply: Def.make(settings)... took 89.6537ms
[debug] Load.apply: structureIndex took 25.6139ms
[debug] Load.apply: mkStreams took 0.0022ms
[info] set current project to SparkSandBox (in build file:/C:/Users/alexe/IdeaProjects/SparkSandBox/)
[debug] > Exec(sbtPopOnFailure, None, None)
[debug] > Exec(resumeFromFailure, None, None)
[debug] > Exec(notifyUsersAboutShell, None, None)
[debug] > Exec(iflast shell, None, None)
[debug] > Exec(; set ideaPort in Global := 62844 ; idea-shell, None, None)
[debug] > Exec(set ideaPort in Global := 62844, None, None)
[info] Defining Global / ideaPort
[info] The new value will be used by Compile / compile, Test / compile
[debug] Defining 
[debug] 	Global / ideaPort
[debug] 
[debug] The new value will be used by 
[debug] 	Compile / compile
[debug] 	Test / compile
[info] Reapplying settings...
[info] set current project to SparkSandBox (in build file:/C:/Users/alexe/IdeaProjects/SparkSandBox/)
[debug] > Exec(idea-shell, None, None)
