[debug] > Exec(early(addDefaultCommands), None, None)
[debug] > Exec(addDefaultCommands, None, None)
[debug] > Exec(early(initialize), None, None)
[debug] > Exec(initialize, None, None)
[debug] > Exec(early(addPluginSbtFile="""C:\Users\alexe\AppData\Local\Temp\idea.sbt"""), None, None)
[debug] > Exec(addPluginSbtFile="""C:\Users\alexe\AppData\Local\Temp\idea.sbt""", None, None)
[debug] > Exec(boot, None, None)
[debug] > Exec(writeSbtVersion, None, None)
[debug] > Exec(reload, None, None)
[debug] > Exec(sbtStashOnFailure, None, None)
[debug] > Exec(onFailure loadFailed, None, None)
[debug] > Exec(loadp, None, None)
[info] welcome to sbt 1.5.5 (Amazon.com Inc. Java 11.0.12)
[debug]       Load.loadUnit: plugins took 96.4337ms
[debug]       Load.loadUnit: defsScala took 0.3261ms
[debug] [Loading] Scanning directory C:\Users\alexe\.sbt\1.0\plugins
[debug] [Loading] Found non-root projects 
[debug] [Loading] Done in C:\Users\alexe\.sbt\1.0\plugins, returning: ()
[debug] deducing auto plugins based on known facts Set(Atom(sbt.plugins.CorePlugin)) and clauses Clauses(Clause(Atom(sbt.plugins.JvmPlugin),Set(Atom(sbt.plugins.IvyPlugin)))
[debug] Clause(Atom(sbt.ScriptedPlugin),Set(Atom(sbt.plugins.JvmPlugin)))
[debug] Clause(Atom(sbt.plugins.SbtPlugin),Set(Atom(sbt.ScriptedPlugin)))
[debug] Clause(Atom(sbt.plugins.SemanticdbPlugin),Set(Atom(sbt.plugins.JvmPlugin)))
[debug] Clause(Atom(sbt.plugins.JUnitXmlReportPlugin),Set(Atom(sbt.plugins.JvmPlugin)))
[debug] Clause(Atom(sbt.plugins.MiniDependencyTreePlugin),Set(Atom(sbt.plugins.JvmPlugin)))
[debug] Clause(Atom(sbt.plugins.CorePlugin),Set(Atom(sbt.plugins.IvyPlugin)))
[debug] Clause(Atom(sbt.plugins.IvyPlugin),Set(Atom(sbt.plugins.JvmPlugin)))
[debug] Clause(Atom(sbt.plugins.JvmPlugin),Set(Atom(sbt.plugins.SemanticdbPlugin)))
[debug] Clause(Atom(sbt.plugins.JvmPlugin),Set(Atom(sbt.plugins.JUnitXmlReportPlugin)))
[debug] Clause(Atom(sbt.plugins.CorePlugin),Set(Atom(sbt.plugins.Giter8TemplatePlugin)))
[debug] Clause(Atom(sbt.plugins.JvmPlugin),Set(Atom(sbt.plugins.MiniDependencyTreePlugin))))
[debug]   :: deduced result: Matched(sbt.plugins.CorePlugin,sbt.plugins.Giter8TemplatePlugin,sbt.plugins.IvyPlugin,sbt.plugins.JvmPlugin,sbt.plugins.MiniDependencyTreePlugin,sbt.plugins.JUnitXmlReportPlugin,sbt.plugins.SemanticdbPlugin)
[debug] Plugins.deducer#function took 17.8258 ms
[debug]           Load.resolveProject(global-plugins) took 51.6568ms
[debug]         Load.loadTransitive: finalizeProject(Project(id global-plugins, base: C:\Users\alexe\.sbt\1.0\plugins, plugins: List(<none>))) took 99.2181ms
[debug] [Loading] Done in C:\Users\alexe\.sbt\1.0\plugins, returning: (global-plugins)
[debug]       Load.loadUnit: loadedProjectsRaw took 122.1139ms
[debug]       Load.loadUnit: cleanEvalClasses took 0.4106ms
[debug]     Load.loadUnit(file:/C:/Users/alexe/.sbt/1.0/plugins/, ...) took 228.7507ms
[debug]   Load.apply: load took 407.55ms
[debug]   Load.apply: resolveProjects took 7.1023ms
[debug]   Load.apply: finalTransforms took 62.4067ms
[debug]   Load.apply: config.delegates took 8.3173ms
[debug]   Load.apply: Def.make(settings)... took 382.7198ms
[debug]   Load.apply: structureIndex took 115.3722ms
[debug]   Load.apply: mkStreams took 6.1759ms
[info] loading global plugins from C:\Users\alexe\.sbt\1.0\plugins
[debug] Running task... Cancel: Signal, check cycles: false, forcegc: true
[debug] Load.defaultLoad until apply took 2404.7637ms
[debug]           Load.loadUnit: plugins took 23.4459ms
[debug]           Load.loadUnit: defsScala took 0.0044ms
[debug] [Loading] Scanning directory C:\Users\alexe\IdeaProjects\SparkSandBox\project
[debug]             Load.loadUnit: mkEval took 8.8043ms
[debug] [Loading] Found non-root projects 
[debug] [Loading] Done in C:\Users\alexe\IdeaProjects\SparkSandBox\project, returning: ()
[debug] deducing auto plugins based on known facts Set(Atom(sbt.plugins.CorePlugin)) and clauses Clauses(Clause(Atom(sbt.plugins.JvmPlugin),Set(Atom(sbt.plugins.IvyPlugin)))
[debug] Clause(Atom(sbt.ScriptedPlugin),Set(Atom(sbt.plugins.JvmPlugin)))
[debug] Clause(Atom(sbt.plugins.SbtPlugin),Set(Atom(sbt.ScriptedPlugin)))
[debug] Clause(Atom(sbt.plugins.SemanticdbPlugin),Set(Atom(sbt.plugins.JvmPlugin)))
[debug] Clause(Atom(sbt.plugins.JUnitXmlReportPlugin),Set(Atom(sbt.plugins.JvmPlugin)))
[debug] Clause(Atom(sbt.plugins.MiniDependencyTreePlugin),Set(Atom(sbt.plugins.JvmPlugin)))
[debug] Clause(Atom(sbt.plugins.CorePlugin),Set(Atom(sbt.plugins.IvyPlugin)))
[debug] Clause(Atom(sbt.plugins.IvyPlugin),Set(Atom(sbt.plugins.JvmPlugin)))
[debug] Clause(Atom(sbt.plugins.JvmPlugin),Set(Atom(sbt.plugins.SemanticdbPlugin)))
[debug] Clause(Atom(sbt.plugins.JvmPlugin),Set(Atom(sbt.plugins.JUnitXmlReportPlugin)))
[debug] Clause(Atom(sbt.plugins.CorePlugin),Set(Atom(sbt.plugins.Giter8TemplatePlugin)))
[debug] Clause(Atom(sbt.plugins.JvmPlugin),Set(Atom(sbt.plugins.MiniDependencyTreePlugin))))
[debug]   :: deduced result: Matched(sbt.plugins.CorePlugin,sbt.plugins.Giter8TemplatePlugin,sbt.plugins.IvyPlugin,sbt.plugins.JvmPlugin,sbt.plugins.MiniDependencyTreePlugin,sbt.plugins.JUnitXmlReportPlugin,sbt.plugins.SemanticdbPlugin)
[debug] Plugins.deducer#function took 2.476 ms
[info] loading settings for project sparksandbox-build from idea.sbt ...
[debug]               Load.resolveProject(sparksandbox-build) took 11.2843ms
[debug]             Load.loadTransitive: finalizeProject(Project(id sparksandbox-build, base: C:\Users\alexe\IdeaProjects\SparkSandBox\project, plugins: List(<none>))) took 14.3664ms
[debug] [Loading] Done in C:\Users\alexe\IdeaProjects\SparkSandBox\project, returning: (sparksandbox-build)
[debug]           Load.loadUnit: loadedProjectsRaw took 167.0998ms
[debug]           Load.loadUnit: cleanEvalClasses took 4.1239ms
[debug]         Load.loadUnit(file:/C:/Users/alexe/IdeaProjects/SparkSandBox/project/, ...) took 195.6432ms
[debug]       Load.apply: load took 197.1136ms
[debug]       Load.apply: resolveProjects took 0.1164ms
[debug]       Load.apply: finalTransforms took 12.3754ms
[debug]       Load.apply: config.delegates took 0.5163ms
[debug]       Load.apply: Def.make(settings)... took 75.6356ms
[debug]       Load.apply: structureIndex took 29.49ms
[debug]       Load.apply: mkStreams took 0.0028ms
[info] loading project definition from C:\Users\alexe\IdeaProjects\SparkSandBox\project
[debug] Running task... Cancel: Signal, check cycles: false, forcegc: true
[warn] Unrecognized repository Scala Plugin Bundled Repository, ignoring it
[debug]     Load.loadUnit: plugins took 1742.9489ms
[debug]     Load.loadUnit: defsScala took 0.0033ms
[debug] [Loading] Scanning directory C:\Users\alexe\IdeaProjects\SparkSandBox
[debug]       Load.loadUnit: mkEval took 0.24ms
[debug] [Loading] Found non-root projects 
[debug] [Loading] Done in C:\Users\alexe\IdeaProjects\SparkSandBox, returning: ()
[debug] deducing auto plugins based on known facts Set(Atom(sbt.plugins.CorePlugin)) and clauses Clauses(Clause(Atom(sbt.plugins.JvmPlugin),Set(Atom(sbt.plugins.IvyPlugin)))
[debug] Clause(Atom(sbt.ScriptedPlugin),Set(Atom(sbt.plugins.JvmPlugin)))
[debug] Clause(Atom(sbt.plugins.SbtPlugin),Set(Atom(sbt.ScriptedPlugin)))
[debug] Clause(Atom(sbt.plugins.SemanticdbPlugin),Set(Atom(sbt.plugins.JvmPlugin)))
[debug] Clause(Atom(sbt.plugins.JUnitXmlReportPlugin),Set(Atom(sbt.plugins.JvmPlugin)))
[debug] Clause(Atom(sbt.plugins.MiniDependencyTreePlugin),Set(Atom(sbt.plugins.JvmPlugin)))
[debug] Clause(Atom(org.jetbrains.sbt.StructurePlugin),Set(Atom(sbt.plugins.JvmPlugin)))
[debug] Clause(Atom(org.jetbrains.sbt.IdeaShellPlugin),Set(Atom(sbt.plugins.JvmPlugin)))
[debug] Clause(Atom(org.jetbrains.sbt.indices.SbtIntellijIndicesPlugin),Set(Atom(sbt.plugins.JvmPlugin)))
[debug] Clause(Atom(sbt.plugins.CorePlugin),Set(Atom(sbt.plugins.IvyPlugin)))
[debug] Clause(Atom(sbt.plugins.IvyPlugin),Set(Atom(sbt.plugins.JvmPlugin)))
[debug] Clause(Atom(sbt.plugins.JvmPlugin),Set(Atom(sbt.plugins.SemanticdbPlugin)))
[debug] Clause(Atom(sbt.plugins.JvmPlugin),Set(Atom(sbt.plugins.JUnitXmlReportPlugin)))
[debug] Clause(Atom(sbt.plugins.CorePlugin),Set(Atom(sbt.plugins.Giter8TemplatePlugin)))
[debug] Clause(Atom(sbt.plugins.JvmPlugin),Set(Atom(sbt.plugins.MiniDependencyTreePlugin)))
[debug] Clause(Atom(sbt.plugins.JvmPlugin),Set(Atom(org.jetbrains.sbt.StructurePlugin)))
[debug] Clause(Atom(sbt.plugins.JvmPlugin),Set(Atom(org.jetbrains.sbt.IdeaShellPlugin)))
[debug] Clause(And(Set(Atom(sbt.plugins.CorePlugin), Atom(sbt.plugins.JvmPlugin))),Set(Atom(org.jetbrains.sbt.indices.SbtIntellijIndicesPlugin))))
[debug]   :: deduced result: Matched(sbt.plugins.CorePlugin,sbt.plugins.Giter8TemplatePlugin,sbt.plugins.IvyPlugin,sbt.plugins.JvmPlugin,sbt.plugins.SemanticdbPlugin,org.jetbrains.sbt.indices.SbtIntellijIndicesPlugin,sbt.plugins.JUnitXmlReportPlugin,org.jetbrains.sbt.IdeaShellPlugin,org.jetbrains.sbt.StructurePlugin,sbt.plugins.MiniDependencyTreePlugin)
[debug] Plugins.deducer#function took 2.312 ms
[info] loading settings for project sparksandbox from build.sbt ...
[debug]         Load.resolveProject(sparksandbox) took 27.9615ms
[debug]       Load.loadTransitive: finalizeProject(Project(id sparksandbox, base: C:\Users\alexe\IdeaProjects\SparkSandBox, plugins: List(<none>))) took 31.3496ms
[debug] [Loading] Done in C:\Users\alexe\IdeaProjects\SparkSandBox, returning: (sparksandbox)
[debug]     Load.loadUnit: loadedProjectsRaw took 3441.3849ms
[debug]     Load.loadUnit: cleanEvalClasses took 24.9006ms
[debug]   Load.loadUnit(file:/C:/Users/alexe/IdeaProjects/SparkSandBox/, ...) took 5209.8912ms
[debug] Load.apply: load took 5211.4822ms
[debug] Load.apply: resolveProjects took 0.1093ms
[debug] Load.apply: finalTransforms took 22.7781ms
[debug] Load.apply: config.delegates took 0.4087ms
[debug] Load.apply: Def.make(settings)... took 62.8589ms
[debug] Load.apply: structureIndex took 42.025ms
[debug] Load.apply: mkStreams took 0.0029ms
[info] set current project to SparkSandBox (in build file:/C:/Users/alexe/IdeaProjects/SparkSandBox/)
[debug] > Exec(sbtPopOnFailure, None, None)
[debug] > Exec(resumeFromFailure, None, None)
[debug] > Exec(notifyUsersAboutShell, None, None)
[debug] > Exec(iflast shell, None, None)
[debug] > Exec(; set ideaPort in Global := 64320 ; idea-shell, None, None)
[debug] > Exec(set ideaPort in Global := 64320, None, None)
[info] Defining Global / ideaPort
[info] The new value will be used by Compile / compile, Test / compile
[debug] Defining 
[debug] 	Global / ideaPort
[debug] 
[debug] The new value will be used by 
[debug] 	Compile / compile
[debug] 	Test / compile
[info] Reapplying settings...
[info] set current project to SparkSandBox (in build file:/C:/Users/alexe/IdeaProjects/SparkSandBox/)
[debug] > Exec(idea-shell, None, None)
