[debug] > Exec(early(addDefaultCommands), None, None)
[debug] > Exec(addDefaultCommands, None, None)
[debug] > Exec(early(initialize), None, None)
[debug] > Exec(initialize, None, None)
[debug] > Exec(early(addPluginSbtFile="""C:\Users\alexe\AppData\Local\Temp\idea.sbt"""), None, None)
[debug] > Exec(addPluginSbtFile="""C:\Users\alexe\AppData\Local\Temp\idea.sbt""", None, None)
[debug] > Exec(boot, None, None)
[debug] > Exec(writeSbtVersion, None, None)
[debug] > Exec(reload, None, None)
[debug] > Exec(sbtStashOnFailure, None, None)
[debug] > Exec(onFailure loadFailed, None, None)
[debug] > Exec(loadp, None, None)
[info] welcome to sbt 1.5.5 (Amazon.com Inc. Java 11.0.12)
[debug]       Load.loadUnit: plugins took 92.1634ms
[debug]       Load.loadUnit: defsScala took 0.3016ms
[debug] [Loading] Scanning directory C:\Users\alexe\.sbt\1.0\plugins
[debug] [Loading] Found non-root projects 
[debug] [Loading] Done in C:\Users\alexe\.sbt\1.0\plugins, returning: ()
[debug] deducing auto plugins based on known facts Set(Atom(sbt.plugins.CorePlugin)) and clauses Clauses(Clause(Atom(sbt.plugins.JvmPlugin),Set(Atom(sbt.plugins.IvyPlugin)))
[debug] Clause(Atom(sbt.ScriptedPlugin),Set(Atom(sbt.plugins.JvmPlugin)))
[debug] Clause(Atom(sbt.plugins.SbtPlugin),Set(Atom(sbt.ScriptedPlugin)))
[debug] Clause(Atom(sbt.plugins.SemanticdbPlugin),Set(Atom(sbt.plugins.JvmPlugin)))
[debug] Clause(Atom(sbt.plugins.JUnitXmlReportPlugin),Set(Atom(sbt.plugins.JvmPlugin)))
[debug] Clause(Atom(sbt.plugins.MiniDependencyTreePlugin),Set(Atom(sbt.plugins.JvmPlugin)))
[debug] Clause(Atom(sbt.plugins.CorePlugin),Set(Atom(sbt.plugins.IvyPlugin)))
[debug] Clause(Atom(sbt.plugins.IvyPlugin),Set(Atom(sbt.plugins.JvmPlugin)))
[debug] Clause(Atom(sbt.plugins.JvmPlugin),Set(Atom(sbt.plugins.SemanticdbPlugin)))
[debug] Clause(Atom(sbt.plugins.JvmPlugin),Set(Atom(sbt.plugins.JUnitXmlReportPlugin)))
[debug] Clause(Atom(sbt.plugins.CorePlugin),Set(Atom(sbt.plugins.Giter8TemplatePlugin)))
[debug] Clause(Atom(sbt.plugins.JvmPlugin),Set(Atom(sbt.plugins.MiniDependencyTreePlugin))))
[debug]   :: deduced result: Matched(sbt.plugins.CorePlugin,sbt.plugins.Giter8TemplatePlugin,sbt.plugins.IvyPlugin,sbt.plugins.JvmPlugin,sbt.plugins.MiniDependencyTreePlugin,sbt.plugins.JUnitXmlReportPlugin,sbt.plugins.SemanticdbPlugin)
[debug] Plugins.deducer#function took 16.6106 ms
[debug]           Load.resolveProject(global-plugins) took 51.9613ms
[debug]         Load.loadTransitive: finalizeProject(Project(id global-plugins, base: C:\Users\alexe\.sbt\1.0\plugins, plugins: List(<none>))) took 98.3435ms
[debug] [Loading] Done in C:\Users\alexe\.sbt\1.0\plugins, returning: (global-plugins)
[debug]       Load.loadUnit: loadedProjectsRaw took 119.7305ms
[debug]       Load.loadUnit: cleanEvalClasses took 0.2518ms
[debug]     Load.loadUnit(file:/C:/Users/alexe/.sbt/1.0/plugins/, ...) took 221.052ms
[debug]   Load.apply: load took 405.2105ms
[debug]   Load.apply: resolveProjects took 6.1071ms
[debug]   Load.apply: finalTransforms took 57.5511ms
[debug]   Load.apply: config.delegates took 7.0192ms
[debug]   Load.apply: Def.make(settings)... took 421.6489ms
[debug]   Load.apply: structureIndex took 90.0694ms
[debug]   Load.apply: mkStreams took 1.749ms
[info] loading global plugins from C:\Users\alexe\.sbt\1.0\plugins
[debug] Running task... Cancel: Signal, check cycles: false, forcegc: true
[debug] Load.defaultLoad until apply took 2899.2131ms
[debug]           Load.loadUnit: plugins took 23.0699ms
[debug]           Load.loadUnit: defsScala took 0.0043ms
[debug] [Loading] Scanning directory C:\Users\alexe\IdeaProjects\SparkSandBox\project
[debug]             Load.loadUnit: mkEval took 8.3719ms
[debug] [Loading] Found non-root projects 
[debug] [Loading] Done in C:\Users\alexe\IdeaProjects\SparkSandBox\project, returning: ()
[debug] deducing auto plugins based on known facts Set(Atom(sbt.plugins.CorePlugin)) and clauses Clauses(Clause(Atom(sbt.plugins.JvmPlugin),Set(Atom(sbt.plugins.IvyPlugin)))
[debug] Clause(Atom(sbt.ScriptedPlugin),Set(Atom(sbt.plugins.JvmPlugin)))
[debug] Clause(Atom(sbt.plugins.SbtPlugin),Set(Atom(sbt.ScriptedPlugin)))
[debug] Clause(Atom(sbt.plugins.SemanticdbPlugin),Set(Atom(sbt.plugins.JvmPlugin)))
[debug] Clause(Atom(sbt.plugins.JUnitXmlReportPlugin),Set(Atom(sbt.plugins.JvmPlugin)))
[debug] Clause(Atom(sbt.plugins.MiniDependencyTreePlugin),Set(Atom(sbt.plugins.JvmPlugin)))
[debug] Clause(Atom(sbt.plugins.CorePlugin),Set(Atom(sbt.plugins.IvyPlugin)))
[debug] Clause(Atom(sbt.plugins.IvyPlugin),Set(Atom(sbt.plugins.JvmPlugin)))
[debug] Clause(Atom(sbt.plugins.JvmPlugin),Set(Atom(sbt.plugins.SemanticdbPlugin)))
[debug] Clause(Atom(sbt.plugins.JvmPlugin),Set(Atom(sbt.plugins.JUnitXmlReportPlugin)))
[debug] Clause(Atom(sbt.plugins.CorePlugin),Set(Atom(sbt.plugins.Giter8TemplatePlugin)))
[debug] Clause(Atom(sbt.plugins.JvmPlugin),Set(Atom(sbt.plugins.MiniDependencyTreePlugin))))
[debug]   :: deduced result: Matched(sbt.plugins.CorePlugin,sbt.plugins.Giter8TemplatePlugin,sbt.plugins.IvyPlugin,sbt.plugins.JvmPlugin,sbt.plugins.MiniDependencyTreePlugin,sbt.plugins.JUnitXmlReportPlugin,sbt.plugins.SemanticdbPlugin)
[debug] Plugins.deducer#function took 1.6228 ms
[info] loading settings for project sparksandbox-build from idea.sbt ...
[debug]               Load.resolveProject(sparksandbox-build) took 2.5265ms
[debug]             Load.loadTransitive: finalizeProject(Project(id sparksandbox-build, base: C:\Users\alexe\IdeaProjects\SparkSandBox\project, plugins: List(<none>))) took 4.6507ms
[debug] [Loading] Done in C:\Users\alexe\IdeaProjects\SparkSandBox\project, returning: (sparksandbox-build)
[debug]           Load.loadUnit: loadedProjectsRaw took 1996.6784ms
[debug]           Load.loadUnit: cleanEvalClasses took 5.1159ms
[debug]         Load.loadUnit(file:/C:/Users/alexe/IdeaProjects/SparkSandBox/project/, ...) took 2025.9605ms
[debug]       Load.apply: load took 2027.5978ms
[debug]       Load.apply: resolveProjects took 0.1364ms
[debug]       Load.apply: finalTransforms took 11.1494ms
[debug]       Load.apply: config.delegates took 0.4035ms
[debug]       Load.apply: Def.make(settings)... took 68.2516ms
[debug]       Load.apply: structureIndex took 24.5621ms
[debug]       Load.apply: mkStreams took 0.0025ms
[info] loading project definition from C:\Users\alexe\IdeaProjects\SparkSandBox\project
[debug] Running task... Cancel: Signal, check cycles: false, forcegc: true
[warn] Unrecognized repository Scala Plugin Bundled Repository, ignoring it
[debug]     Load.loadUnit: plugins took 4413.4452ms
[debug]     Load.loadUnit: defsScala took 0.0026ms
[debug] [Loading] Scanning directory C:\Users\alexe\IdeaProjects\SparkSandBox
[debug]       Load.loadUnit: mkEval took 0.2357ms
[debug] [Loading] Found non-root projects 
[debug] [Loading] Done in C:\Users\alexe\IdeaProjects\SparkSandBox, returning: ()
[debug] deducing auto plugins based on known facts Set(Atom(sbt.plugins.CorePlugin)) and clauses Clauses(Clause(Atom(sbt.plugins.JvmPlugin),Set(Atom(sbt.plugins.IvyPlugin)))
[debug] Clause(Atom(sbt.ScriptedPlugin),Set(Atom(sbt.plugins.JvmPlugin)))
[debug] Clause(Atom(sbt.plugins.SbtPlugin),Set(Atom(sbt.ScriptedPlugin)))
[debug] Clause(Atom(sbt.plugins.SemanticdbPlugin),Set(Atom(sbt.plugins.JvmPlugin)))
[debug] Clause(Atom(sbt.plugins.JUnitXmlReportPlugin),Set(Atom(sbt.plugins.JvmPlugin)))
[debug] Clause(Atom(sbt.plugins.MiniDependencyTreePlugin),Set(Atom(sbt.plugins.JvmPlugin)))
[debug] Clause(Atom(org.jetbrains.sbt.StructurePlugin),Set(Atom(sbt.plugins.JvmPlugin)))
[debug] Clause(Atom(org.jetbrains.sbt.IdeaShellPlugin),Set(Atom(sbt.plugins.JvmPlugin)))
[debug] Clause(Atom(org.jetbrains.sbt.indices.SbtIntellijIndicesPlugin),Set(Atom(sbt.plugins.JvmPlugin)))
[debug] Clause(Atom(sbt.plugins.CorePlugin),Set(Atom(sbt.plugins.IvyPlugin)))
[debug] Clause(Atom(sbt.plugins.IvyPlugin),Set(Atom(sbt.plugins.JvmPlugin)))
[debug] Clause(Atom(sbt.plugins.JvmPlugin),Set(Atom(sbt.plugins.SemanticdbPlugin)))
[debug] Clause(Atom(sbt.plugins.JvmPlugin),Set(Atom(sbt.plugins.JUnitXmlReportPlugin)))
[debug] Clause(Atom(sbt.plugins.CorePlugin),Set(Atom(sbt.plugins.Giter8TemplatePlugin)))
[debug] Clause(Atom(sbt.plugins.JvmPlugin),Set(Atom(sbt.plugins.MiniDependencyTreePlugin)))
[debug] Clause(Atom(sbt.plugins.JvmPlugin),Set(Atom(org.jetbrains.sbt.StructurePlugin)))
[debug] Clause(Atom(sbt.plugins.JvmPlugin),Set(Atom(org.jetbrains.sbt.IdeaShellPlugin)))
[debug] Clause(And(Set(Atom(sbt.plugins.CorePlugin), Atom(sbt.plugins.JvmPlugin))),Set(Atom(org.jetbrains.sbt.indices.SbtIntellijIndicesPlugin))))
[debug]   :: deduced result: Matched(sbt.plugins.CorePlugin,sbt.plugins.Giter8TemplatePlugin,sbt.plugins.IvyPlugin,sbt.plugins.JvmPlugin,sbt.plugins.SemanticdbPlugin,org.jetbrains.sbt.indices.SbtIntellijIndicesPlugin,sbt.plugins.JUnitXmlReportPlugin,org.jetbrains.sbt.IdeaShellPlugin,org.jetbrains.sbt.StructurePlugin,sbt.plugins.MiniDependencyTreePlugin)
[debug] Plugins.deducer#function took 2.0201 ms
[info] loading settings for project sparksandbox from build.sbt ...
[debug]         Load.resolveProject(sparksandbox) took 28.1273ms
[debug]       Load.loadTransitive: finalizeProject(Project(id sparksandbox, base: C:\Users\alexe\IdeaProjects\SparkSandBox, plugins: List(<none>))) took 31.2142ms
[debug] [Loading] Done in C:\Users\alexe\IdeaProjects\SparkSandBox, returning: (sparksandbox)
[debug]     Load.loadUnit: loadedProjectsRaw took 1340.5602ms
[debug]     Load.loadUnit: cleanEvalClasses took 11.3422ms
[debug]   Load.loadUnit(file:/C:/Users/alexe/IdeaProjects/SparkSandBox/, ...) took 5765.9272ms
[debug] Load.apply: load took 5767.3586ms
[debug] Load.apply: resolveProjects took 0.0839ms
[debug] Load.apply: finalTransforms took 24.7677ms
[debug] Load.apply: config.delegates took 0.2746ms
[debug] Load.apply: Def.make(settings)... took 79.8182ms
[debug] Load.apply: structureIndex took 20.1994ms
[debug] Load.apply: mkStreams took 0.0027ms
[info] set current project to SparkSandBox (in build file:/C:/Users/alexe/IdeaProjects/SparkSandBox/)
[debug] > Exec(sbtPopOnFailure, None, None)
[debug] > Exec(resumeFromFailure, None, None)
[debug] > Exec(notifyUsersAboutShell, None, None)
[debug] > Exec(iflast shell, None, None)
[debug] > Exec(; set ideaPort in Global := 52997 ; idea-shell, None, None)
[debug] > Exec(set ideaPort in Global := 52997, None, None)
[info] Defining Global / ideaPort
[info] The new value will be used by Compile / compile, Test / compile
[debug] Defining 
[debug] 	Global / ideaPort
[debug] 
[debug] The new value will be used by 
[debug] 	Compile / compile
[debug] 	Test / compile
[info] Reapplying settings...
[info] set current project to SparkSandBox (in build file:/C:/Users/alexe/IdeaProjects/SparkSandBox/)
[debug] > Exec(idea-shell, None, None)
