[debug] > Exec(early(addDefaultCommands), None, None)
[debug] > Exec(addDefaultCommands, None, None)
[debug] > Exec(early(initialize), None, None)
[debug] > Exec(initialize, None, None)
[debug] > Exec(boot, None, None)
[debug] > Exec(writeSbtVersion, None, None)
[debug] > Exec(reload, None, None)
[debug] > Exec(sbtStashOnFailure, None, None)
[debug] > Exec(onFailure loadFailed, None, None)
[debug] > Exec(loadp, None, None)
[info] welcome to sbt 1.5.5 (Amazon.com Inc. Java 11.0.12)
[debug]       Load.loadUnit: plugins took 99.562999ms
[debug]       Load.loadUnit: defsScala took 0.3406ms
[debug] [Loading] Scanning directory C:\Users\alexe\.sbt\1.0\plugins
[debug] [Loading] Found non-root projects 
[debug] [Loading] Done in C:\Users\alexe\.sbt\1.0\plugins, returning: ()
[debug] deducing auto plugins based on known facts Set(Atom(sbt.plugins.CorePlugin)) and clauses Clauses(Clause(Atom(sbt.plugins.JvmPlugin),Set(Atom(sbt.plugins.IvyPlugin)))
[debug] Clause(Atom(sbt.ScriptedPlugin),Set(Atom(sbt.plugins.JvmPlugin)))
[debug] Clause(Atom(sbt.plugins.SbtPlugin),Set(Atom(sbt.ScriptedPlugin)))
[debug] Clause(Atom(sbt.plugins.SemanticdbPlugin),Set(Atom(sbt.plugins.JvmPlugin)))
[debug] Clause(Atom(sbt.plugins.JUnitXmlReportPlugin),Set(Atom(sbt.plugins.JvmPlugin)))
[debug] Clause(Atom(sbt.plugins.MiniDependencyTreePlugin),Set(Atom(sbt.plugins.JvmPlugin)))
[debug] Clause(Atom(sbt.plugins.CorePlugin),Set(Atom(sbt.plugins.IvyPlugin)))
[debug] Clause(Atom(sbt.plugins.IvyPlugin),Set(Atom(sbt.plugins.JvmPlugin)))
[debug] Clause(Atom(sbt.plugins.JvmPlugin),Set(Atom(sbt.plugins.SemanticdbPlugin)))
[debug] Clause(Atom(sbt.plugins.JvmPlugin),Set(Atom(sbt.plugins.JUnitXmlReportPlugin)))
[debug] Clause(Atom(sbt.plugins.CorePlugin),Set(Atom(sbt.plugins.Giter8TemplatePlugin)))
[debug] Clause(Atom(sbt.plugins.JvmPlugin),Set(Atom(sbt.plugins.MiniDependencyTreePlugin))))
[debug]   :: deduced result: Matched(sbt.plugins.CorePlugin,sbt.plugins.Giter8TemplatePlugin,sbt.plugins.IvyPlugin,sbt.plugins.JvmPlugin,sbt.plugins.MiniDependencyTreePlugin,sbt.plugins.JUnitXmlReportPlugin,sbt.plugins.SemanticdbPlugin)
[debug] Plugins.deducer#function took 17.649501 ms
[debug]           Load.resolveProject(global-plugins) took 52.1562ms
[debug]         Load.loadTransitive: finalizeProject(Project(id global-plugins, base: C:\Users\alexe\.sbt\1.0\plugins, plugins: List(<none>))) took 100.5838ms
[debug] [Loading] Done in C:\Users\alexe\.sbt\1.0\plugins, returning: (global-plugins)
[debug]       Load.loadUnit: loadedProjectsRaw took 123.987299ms
[debug]       Load.loadUnit: cleanEvalClasses took 0.2554ms
[debug]     Load.loadUnit(file:/C:/Users/alexe/.sbt/1.0/plugins/, ...) took 233.6425ms
[debug]   Load.apply: load took 412.264ms
[debug]   Load.apply: resolveProjects took 6.910101ms
[debug]   Load.apply: finalTransforms took 61.010901ms
[debug]   Load.apply: config.delegates took 7.7182ms
[debug]   Load.apply: Def.make(settings)... took 363.022999ms
[debug]   Load.apply: structureIndex took 98.1352ms
[debug]   Load.apply: mkStreams took 1.6423ms
[info] loading global plugins from C:\Users\alexe\.sbt\1.0\plugins
[debug] Running task... Cancel: Signal, check cycles: false, forcegc: true
[debug] Load.defaultLoad until apply took 2433.2452ms
[debug]           Load.loadUnit: plugins took 25.0299ms
[debug]           Load.loadUnit: defsScala took 0.005799ms
[debug] [Loading] Scanning directory C:\Users\alexe\IdeaProjects\SparkSandBox\project
[debug] [Loading] Found non-root projects 
[debug] [Loading] Done in C:\Users\alexe\IdeaProjects\SparkSandBox\project, returning: ()
[debug] deducing auto plugins based on known facts Set(Atom(sbt.plugins.CorePlugin)) and clauses Clauses(Clause(Atom(sbt.plugins.JvmPlugin),Set(Atom(sbt.plugins.IvyPlugin)))
[debug] Clause(Atom(sbt.ScriptedPlugin),Set(Atom(sbt.plugins.JvmPlugin)))
[debug] Clause(Atom(sbt.plugins.SbtPlugin),Set(Atom(sbt.ScriptedPlugin)))
[debug] Clause(Atom(sbt.plugins.SemanticdbPlugin),Set(Atom(sbt.plugins.JvmPlugin)))
[debug] Clause(Atom(sbt.plugins.JUnitXmlReportPlugin),Set(Atom(sbt.plugins.JvmPlugin)))
[debug] Clause(Atom(sbt.plugins.MiniDependencyTreePlugin),Set(Atom(sbt.plugins.JvmPlugin)))
[debug] Clause(Atom(sbt.plugins.CorePlugin),Set(Atom(sbt.plugins.IvyPlugin)))
[debug] Clause(Atom(sbt.plugins.IvyPlugin),Set(Atom(sbt.plugins.JvmPlugin)))
[debug] Clause(Atom(sbt.plugins.JvmPlugin),Set(Atom(sbt.plugins.SemanticdbPlugin)))
[debug] Clause(Atom(sbt.plugins.JvmPlugin),Set(Atom(sbt.plugins.JUnitXmlReportPlugin)))
[debug] Clause(Atom(sbt.plugins.CorePlugin),Set(Atom(sbt.plugins.Giter8TemplatePlugin)))
[debug] Clause(Atom(sbt.plugins.JvmPlugin),Set(Atom(sbt.plugins.MiniDependencyTreePlugin))))
[debug]   :: deduced result: Matched(sbt.plugins.CorePlugin,sbt.plugins.Giter8TemplatePlugin,sbt.plugins.IvyPlugin,sbt.plugins.JvmPlugin,sbt.plugins.MiniDependencyTreePlugin,sbt.plugins.JUnitXmlReportPlugin,sbt.plugins.SemanticdbPlugin)
[debug] Plugins.deducer#function took 2.118101 ms
[debug]               Load.resolveProject(sparksandbox-build) took 1.1143ms
[debug]             Load.loadTransitive: finalizeProject(Project(id sparksandbox-build, base: C:\Users\alexe\IdeaProjects\SparkSandBox\project, plugins: List(<none>))) took 3.767099ms
[debug] [Loading] Done in C:\Users\alexe\IdeaProjects\SparkSandBox\project, returning: (sparksandbox-build)
[debug]           Load.loadUnit: loadedProjectsRaw took 5.6899ms
[debug]           Load.loadUnit: cleanEvalClasses took 0.010301ms
[debug]         Load.loadUnit(file:/C:/Users/alexe/IdeaProjects/SparkSandBox/project/, ...) took 31.8011ms
[debug]       Load.apply: load took 33.3137ms
[debug]       Load.apply: resolveProjects took 0.1434ms
[debug]       Load.apply: finalTransforms took 12.8694ms
[debug]       Load.apply: config.delegates took 0.408ms
[debug]       Load.apply: Def.make(settings)... took 84.449299ms
[debug]       Load.apply: structureIndex took 28.9216ms
[debug]       Load.apply: mkStreams took 0.0032ms
[info] loading project definition from C:\Users\alexe\IdeaProjects\SparkSandBox\project
[debug] Running task... Cancel: Signal, check cycles: false, forcegc: true
[debug]     Load.loadUnit: plugins took 345.1733ms
[debug]     Load.loadUnit: defsScala took 0.005ms
[debug] [Loading] Scanning directory C:\Users\alexe\IdeaProjects\SparkSandBox
[debug]       Load.loadUnit: mkEval took 7.6419ms
[debug] [Loading] Found non-root projects 
[debug] [Loading] Done in C:\Users\alexe\IdeaProjects\SparkSandBox, returning: ()
[debug] deducing auto plugins based on known facts Set(Atom(sbt.plugins.CorePlugin)) and clauses Clauses(Clause(Atom(sbt.plugins.JvmPlugin),Set(Atom(sbt.plugins.IvyPlugin)))
[debug] Clause(Atom(sbt.ScriptedPlugin),Set(Atom(sbt.plugins.JvmPlugin)))
[debug] Clause(Atom(sbt.plugins.SbtPlugin),Set(Atom(sbt.ScriptedPlugin)))
[debug] Clause(Atom(sbt.plugins.SemanticdbPlugin),Set(Atom(sbt.plugins.JvmPlugin)))
[debug] Clause(Atom(sbt.plugins.JUnitXmlReportPlugin),Set(Atom(sbt.plugins.JvmPlugin)))
[debug] Clause(Atom(sbt.plugins.MiniDependencyTreePlugin),Set(Atom(sbt.plugins.JvmPlugin)))
[debug] Clause(Atom(sbt.plugins.CorePlugin),Set(Atom(sbt.plugins.IvyPlugin)))
[debug] Clause(Atom(sbt.plugins.IvyPlugin),Set(Atom(sbt.plugins.JvmPlugin)))
[debug] Clause(Atom(sbt.plugins.JvmPlugin),Set(Atom(sbt.plugins.SemanticdbPlugin)))
[debug] Clause(Atom(sbt.plugins.JvmPlugin),Set(Atom(sbt.plugins.JUnitXmlReportPlugin)))
[debug] Clause(Atom(sbt.plugins.CorePlugin),Set(Atom(sbt.plugins.Giter8TemplatePlugin)))
[debug] Clause(Atom(sbt.plugins.JvmPlugin),Set(Atom(sbt.plugins.MiniDependencyTreePlugin))))
[debug]   :: deduced result: Matched(sbt.plugins.CorePlugin,sbt.plugins.Giter8TemplatePlugin,sbt.plugins.IvyPlugin,sbt.plugins.JvmPlugin,sbt.plugins.MiniDependencyTreePlugin,sbt.plugins.JUnitXmlReportPlugin,sbt.plugins.SemanticdbPlugin)
[debug] Plugins.deducer#function took 1.831101 ms
[info] loading settings for project sparksandbox from build.sbt ...
[debug]         Load.resolveProject(sparksandbox) took 27.9648ms
[debug]       Load.loadTransitive: finalizeProject(Project(id sparksandbox, base: C:\Users\alexe\IdeaProjects\SparkSandBox, plugins: List(<none>))) took 30.4607ms
[debug] [Loading] Done in C:\Users\alexe\IdeaProjects\SparkSandBox, returning: (sparksandbox)
[debug]     Load.loadUnit: loadedProjectsRaw took 2835.889099ms
[debug]     Load.loadUnit: cleanEvalClasses took 15.6156ms
[debug]   Load.loadUnit(file:/C:/Users/alexe/IdeaProjects/SparkSandBox/, ...) took 3197.5035ms
[debug] Load.apply: load took 3199.2651ms
[debug] Load.apply: resolveProjects took 0.103701ms
[debug] Load.apply: finalTransforms took 8.533399ms
[debug] Load.apply: config.delegates took 0.3521ms
[debug] Load.apply: Def.make(settings)... took 153.0097ms
[debug] Load.apply: structureIndex took 31.045ms
[debug] Load.apply: mkStreams took 0.002201ms
[info] set current project to SparkSandBox (in build file:/C:/Users/alexe/IdeaProjects/SparkSandBox/)
[debug] > Exec(sbtPopOnFailure, None, None)
[debug] > Exec(resumeFromFailure, None, None)
[debug] > Exec(notifyUsersAboutShell, None, None)
[debug] > Exec(iflast shell, None, None)
[debug] > Exec(shell, None, None)
[info] sbt server started at local:sbt-server-2a1bf954c0a35ce83264
[debug] Writing bsp connection file
[info] started sbt server
